<testsuites id="" name="" tests="19" failures="0" skipped="0" errors="0" time="36.867966">
<testsuite name="chat-toggle.spec.ts" timestamp="2026-01-30T18:14:01.532Z" hostname="chromium" tests="5" failures="0" skipped="0" time="6.969" errors="0">
<testcase name="Chat Toggle Button › should show chat toggle button in bottom right corner" classname="chat-toggle.spec.ts" time="1.42">
</testcase>
<testcase name="Chat Toggle Button › should close chat when toggle button is clicked" classname="chat-toggle.spec.ts" time="1.386">
</testcase>
<testcase name="Chat Toggle Button › should open chat when toggle button is clicked after closing" classname="chat-toggle.spec.ts" time="1.722">
</testcase>
<testcase name="Chat Toggle Button › should not blur content area when chat is open" classname="chat-toggle.spec.ts" time="1.113">
</testcase>
<testcase name="Chat Toggle Button › should toggle button icon change between chat and close icons" classname="chat-toggle.spec.ts" time="1.328">
</testcase>
</testsuite>
<testsuite name="double-click-edit.spec.ts" timestamp="2026-01-30T18:14:01.532Z" hostname="chromium" tests="11" failures="0" skipped="0" time="13.364" errors="0">
<testcase name="Double Click Edit Mode › should enter edit mode when double-clicking an editable element" classname="double-click-edit.spec.ts" time="1.155">
</testcase>
<testcase name="Double Click Edit Mode › should allow editing text in the textarea" classname="double-click-edit.spec.ts" time="1.138">
</testcase>
<testcase name="Double Click Edit Mode › should save edited content when save button is clicked" classname="double-click-edit.spec.ts" time="1.163">
</testcase>
<testcase name="Double Click Edit Mode › should cancel editing and revert to original content" classname="double-click-edit.spec.ts" time="1.185">
</testcase>
<testcase name="Double Click Edit Mode › should open chat sidebar when entering edit mode" classname="double-click-edit.spec.ts" time="1.166">
</testcase>
<testcase name="Double Click Edit Mode › should handle multiple edits on the same element" classname="double-click-edit.spec.ts" time="1.433">
</testcase>
<testcase name="Double Click Edit Mode › should handle editing different elements" classname="double-click-edit.spec.ts" time="1.345">
</testcase>
<testcase name="Double Click Edit Mode › should maintain selection state while editing" classname="double-click-edit.spec.ts" time="1.257">
</testcase>
<testcase name="Double Click Edit Mode › should preserve element attributes after editing" classname="double-click-edit.spec.ts" time="1.142">
</testcase>
<testcase name="Double Click Edit Mode › should handle empty text edit" classname="double-click-edit.spec.ts" time="1.243">
</testcase>
<testcase name="Double Click Edit Mode › should handle special characters in edit" classname="double-click-edit.spec.ts" time="1.137">
</testcase>
</testsuite>
<testsuite name="google-provider.spec.ts" timestamp="2026-01-30T18:14:01.532Z" hostname="chromium" tests="3" failures="0" skipped="0" time="11.376" errors="0">
<testcase name="Google Provider - AI Editing › should switch to Google provider and edit content" classname="google-provider.spec.ts" time="8.222">
<system-out>
<![CDATA[Original content: これは編集可能な段落です。ホバーするとハイライトされ、クリックで選択できます。
Element ID: demo-paragraph-1
Total messages: [33m2[39m
New content: これは、実にダンディーな段落です。ホバーすると、粋にハイライトされ、クリックで優雅に選択できます。
Content was successfully updated by AI
]]>
</system-out>
</testcase>
<testcase name="Google Provider - AI Editing › should select provider and verify availability" classname="google-provider.spec.ts" time="2.101">
</testcase>
<testcase name="Google Provider - AI Editing › should show error when no element is selected" classname="google-provider.spec.ts" time="1.053">
</testcase>
</testsuite>
</testsuites>