<testsuites id="" name="" tests="2" failures="0" skipped="0" errors="0" time="8.669349">
<testsuite name="smoke-test.spec.ts" timestamp="2026-02-08T07:40:14.057Z" hostname="chromium" tests="2" failures="0" skipped="0" time="3.253" errors="0">
<testcase name="0205CPL0.3 Smoke Test › should display homepage" classname="smoke-test.spec.ts" time="1.51">
</testcase>
<testcase name="0205CPL0.3 Smoke Test › should display demo page" classname="smoke-test.spec.ts" time="1.743">
</testcase>
</testsuite>
</testsuites>